Arguments: 
  /usr/local/Cellar/node/14.7.0/bin/node /usr/local/Cellar/yarn/1.22.4/libexec/bin/yarn.js add @storybook/addon-knobs/register

PATH: 
  /Users/nicholasolsen/Downloads/google-cloud-sdk/bin:/Users/nicholasolsen/bin:/usr/local/bin:/usr/local/bin:/usr/bin:/bin:/usr/sbin:/sbin:/Users/nicholasolsen/Downloads/google-cloud-sdk/bin:/Users/nicholasolsen/bin

Yarn version: 
  1.22.4

Node version: 
  14.7.0

Platform: 
  darwin x64

Trace: 
  Error: https://registry.yarnpkg.com/@storybook%2faddon-knobs/register: Request "https://registry.yarnpkg.com/@storybook%2faddon-knobs/register" returned a 405
      at Request.params.callback [as _callback] (/usr/local/Cellar/yarn/1.22.4/libexec/lib/cli.js:66996:18)
      at Request.self.callback (/usr/local/Cellar/yarn/1.22.4/libexec/lib/cli.js:140748:22)
      at Request.emit (events.js:314:20)
      at Request.<anonymous> (/usr/local/Cellar/yarn/1.22.4/libexec/lib/cli.js:141720:10)
      at Request.emit (events.js:314:20)
      at IncomingMessage.<anonymous> (/usr/local/Cellar/yarn/1.22.4/libexec/lib/cli.js:141642:12)
      at Object.onceWrapper (events.js:420:28)
      at IncomingMessage.emit (events.js:326:22)
      at endReadableNT (_stream_readable.js:1244:12)
      at processTicksAndRejections (internal/process/task_queues.js:80:21)

npm manifest: 
  {
    "name": "antler-velvet",
    "version": "1.0.0",
    "main": "build/index.js",
    "module": "build/index.esm.js",
    "files": [
      "build"
    ],
    "types": "build/index.d.ts",
    "description": "Building blocks for greater things to come",
    "scripts": {
      "build": "rollup -c",
      "test": "jest",
      "test:watch": "jest --watch",
      "storybook": "start-storybook -p 6006",
      "storybook:export": "build-storybook",
      "generate": "node ./util/create-component",
      "prepublishOnly": "npm run build"
    },
    "repository": {
      "type": "git",
      "url": ""
    },
    "keywords": [],
    "author": "Nicholas Olsen",
    "license": "MIT",
    "peerDependencies": {
      "react": ">=16.8.0",
      "react-dom": ">=16.8.0"
    },
    "devDependencies": {
      "@babel/core": "^7.10.3",
      "@rollup/plugin-commonjs": "^11.1.0",
      "@rollup/plugin-node-resolve": "^7.1.3",
      "@storybook/react": "^6.0.26",
      "@testing-library/jest-dom": "^5.5.0",
      "@testing-library/react": "^10.0.2",
      "@types/jest": "^24.0.24",
      "@types/react": "^16.9.12",
      "@types/react-dom": "^16.9.8",
      "babel-loader": "^8.1.0",
      "babel-preset-react-app": "^9.1.2",
      "identity-obj-proxy": "^3.0.0",
      "jest": "^24.9.0",
      "node-sass": "^4.14.1",
      "react": "^16.13.1",
      "react-dom": "^16.13.1",
      "rollup": "^1.27.4",
      "rollup-plugin-copy": "^3.3.0",
      "rollup-plugin-peer-deps-external": "^2.2.0",
      "rollup-plugin-postcss": "^3.1.2",
      "rollup-plugin-typescript2": "^0.27.0",
      "sass-loader": "^8.0.0",
      "ts-jest": "^24.2.0",
      "typescript": "^3.7.2"
    },
    "dependencies": {
      "@storybook/addon-docs": "^6.0.26"
    }
  }

yarn manifest: 
  No manifest

Lockfile: 
  No lockfile
